###############################################################
#  Generated by:      Cadence Tempus 20.20-p001_1
#  OS:                Linux x86_64(Host ID APL7.kletech.ac.in)
#  Generated on:      Wed Mar 12 11:10:27 2025
#  Design:            DFF2
#  Command:           report_constraint -all_violators > /home/01fe21bee114/DFT/DFT/reports/DFF2_REPORTS/tempus_report_allViolators.rpt
###############################################################
# format : frame 0 : split 1

max_delay/setup
---------------------------
No paths found

min_delay/hold
---------------------------
No paths found

Check type : clock_period
---------------------------
No paths found

Check type : skew
---------------------------
No paths found

Check type : pulse_width
---------------------------
 No violating Checks with given description found

Check type : max_transition
---------------------------
 No Violations found

Check type : min_transition
---------------------------
 No Violations found

Check type : max_capacitance
---------------------------
 No Violations found

Check type : min_capacitance
---------------------------
 No Violations found

Check type : max_fanout
---------------------------
 No Violations found

Check type : min_fanout
---------------------------
 No Violations found
