###############################################################
#  Generated by:      Cadence Tempus 20.20-p001_1
#  OS:                Linux x86_64(Host ID APL3.kletech.ac.in)
#  Generated on:      Thu Apr 10 15:02:18 2025
#  Design:            mcrb
#  Command:           report_timing -check_type hold > ${PATH}/reports/${TOP_MODULE}_REPORTS/tempus_report_hold.rpt
###############################################################
Path 1: MET Hold Check with Pin skew_addr_cntr_reg[0]/CK 
Endpoint:   skew_addr_cntr_reg[0]/D (v) checked with  leading edge of 'clk'
Beginpoint: skew_addr_cntr_reg[0]/Q (^) triggered by  leading edge of 'clk'
Path Groups: {clk}
Other End Arrival Time          0.000
+ Hold                          0.010
+ Phase Shift                   0.000
= Required Time                 0.010
  Arrival Time                  0.520
  Slack Time                    0.510
     Clock Rise Edge                 0.000
     + Clock Network Latency (Ideal) 0.000
     = Beginpoint Arrival Time       0.000
      -----------------------------------------------------------------------------
      Pin                       Cell     Arc           Slew   Load   Delay  Arrival  
                                                                            Time  
      -----------------------------------------------------------------------------
      skew_addr_cntr_reg[0]/CK  -        CK ^          0.000  0.007  -      0.000  
      skew_addr_cntr_reg[0]/Q   DFFR_X2  CK ^ -> Q ^   0.127  0.005  0.442  0.442  
      g413__8428/ZN             NOR2_X2  A2 ^ -> ZN v  0.027  0.001  0.078  0.520  
      skew_addr_cntr_reg[0]/D   DFFR_X2  D v           0.027  0.001  0.000  0.520  
      -----------------------------------------------------------------------------

